DEBUG:root:This is a debug log.
INFO:root:This is a info log.
WARNING:root:This is a warning log.
ERROR:root:This is a error log.
CRITICAL:root:This is a criticallog
DEBUG:root:This is a debug log.
INFO:root:This is a info log.
WARNING:root:This is a warning log.
ERROR:root:This is a error log.
CRITICAL:root:This is a critical log.
2019-11-22 10:17:49,060 ===DEBUG+++This is a debug log.
2019-11-22 10:17:49,060 ===INFO+++This is a info log.
2019-11-22 10:17:49,060 ===WARNING+++This is a warning log.
2019-11-22 10:17:49,060 ===ERROR+++This is a error log.
2019-11-22 10:17:49,060 ===CRITICAL+++This is a criticallog
2019-11-22 10:17:49,060 ===DEBUG+++This is a debug log.
2019-11-22 10:17:49,060 ===INFO+++This is a info log.
2019-11-22 10:17:49,060 ===WARNING+++This is a warning log.
2019-11-22 10:17:49,060 ===ERROR+++This is a error log.
2019-11-22 10:17:49,060 ===CRITICAL+++This is a critical log.
2019-11-22 10:19:33,801 ===DEBUG+++  This is a debug log.
2019-11-22 10:19:33,801 ===INFO+++  This is a info log.
2019-11-22 10:19:33,801 ===WARNING+++  This is a warning log.
2019-11-22 10:19:33,801 ===ERROR+++  This is a error log.
2019-11-22 10:19:33,801 ===CRITICAL+++  This is a criticallog
2019-11-22 10:19:33,801 ===DEBUG+++  This is a debug log.
2019-11-22 10:19:33,801 ===INFO+++  This is a info log.
2019-11-22 10:19:33,801 ===WARNING+++  This is a warning log.
2019-11-22 10:19:33,802 ===ERROR+++  This is a error log.
2019-11-22 10:19:33,802 ===CRITICAL+++  This is a critical log.
